2022-06-03 16:35:40 [timer] -> Total runtime: 15 minutes
2022-06-03 16:35:40 [timer] -> Freeze check (3) took: 94 ms
2022-06-03 16:35:40 [timer] -> World update took: 0 ms
2022-06-03 16:35:40 [timer] -> Game informations update took: 15 ms
2022-06-03 16:35:40 [timer] -> Unstucker took: 0 ms
2022-06-03 16:35:40 [timer] -> Menu Handler took: 0 ms
2022-06-03 16:35:40 [timer] -> Quest Handler took: 0 ms
2022-06-03 16:35:40 [timer] -> Mission Handler took: 0 ms
2022-06-03 16:35:40 [timer] -> Corrupted area handler took: 0 ms
2022-06-03 16:35:40 [timer] -> Area Navigator took: 0 ms
2022-06-03 16:35:40 [timer] -> Map item launcher took: 0 ms
2022-06-03 16:35:40 [timer] -> Inventories Handler took: 0 ms
2022-06-03 16:35:40 [timer] -> Map Explorer took: 0 ms
2022-06-03 16:35:40 [timer] -> Flask Drinker took: 0 ms
2022-06-03 16:35:40 [timer] -> Item Picker took: 0 ms
2022-06-03 16:35:40 [timer] -> Shrine User took: 0 ms
2022-06-03 16:35:40 [timer] -> Monolith Handler took: 0 ms
2022-06-03 16:35:40 [timer] -> Breach Handler took: 0 ms
2022-06-03 16:35:40 [timer] -> Abyssal Depths Handler took: 0 ms
2022-06-03 16:35:40 [timer] -> Incursion Handler took: 0 ms
2022-06-03 16:35:40 [timer] -> Metamorphosis handler took: 0 ms
2022-06-03 16:35:40 [timer] -> Gem Leveler took: 0 ms
2022-06-03 16:35:40 [timer] -> Fight Handler took: 0 ms
2022-06-03 16:35:40 [timer] -> Chest Opener took: 0 ms
2022-06-03 16:35:40 [timer] -> Game Leaver took: 0 ms
2022-06-03 16:35:40 [timer] -> Buff Caster took: 0 ms
2022-06-03 16:35:40 [timer] -> Item Chancer took: 0 ms
2022-06-03 16:35:40 [timer] -> Map Crafter took: 0 ms
2022-06-03 16:35:43 [timer] -> State Processing took: 2516 ms
2022-06-03 16:35:43 [timer] -> Main AI Loop took: 2625 ms


